<?xml version="1.0" encoding="UTF-8"?>
<testng-results ignored="0" total="6" passed="6" failed="0" skipped="0">
  <reporter-output>
  </reporter-output>
  <suite started-at="2026-02-18T11:02:14 IST" name="Suite" finished-at="2026-02-18T11:02:46 IST" duration-ms="31710">
    <groups>
    </groups>
    <test started-at="2026-02-18T11:02:14 IST" name="fireFoxTest" finished-at="2026-02-18T11:02:42 IST" duration-ms="27943">
      <class name="com.TestCases.TestSearchProduct">
        <test-method is-config="true" signature="setup(java.lang.String,java.lang.String)[pri:0, instance:com.TestCases.TestSearchProduct@6337c201]" started-at="2026-02-18T11:02:28 IST" name="setup" finished-at="2026-02-18T11:02:34 IST" duration-ms="6167" status="PASS">
          <params>
            <param index="0">
              <value>
                <![CDATA[linux]]>
              </value>
            </param>
            <param index="1">
              <value>
                <![CDATA[firefox]]>
              </value>
            </param>
          </params>
          <reporter-output>
          </reporter-output>
        </test-method> <!-- setup -->
        <test-method signature="searchProduct()[pri:0, instance:com.TestCases.TestSearchProduct@6337c201]" started-at="2026-02-18T11:02:34 IST" name="searchProduct" finished-at="2026-02-18T11:02:39 IST" duration-ms="5439" status="PASS">
          <reporter-output>
          </reporter-output>
        </test-method> <!-- searchProduct -->
        <test-method is-config="true" signature="tearDown()[pri:0, instance:com.TestCases.TestSearchProduct@6337c201]" started-at="2026-02-18T11:02:39 IST" name="tearDown" finished-at="2026-02-18T11:02:42 IST" duration-ms="2861" status="PASS">
          <reporter-output>
          </reporter-output>
        </test-method> <!-- tearDown -->
      </class> <!-- com.TestCases.TestSearchProduct -->
      <class name="com.TestCases.TestHomePageLogo">
        <test-method is-config="true" signature="setup(java.lang.String,java.lang.String)[pri:0, instance:com.TestCases.TestHomePageLogo@490caf5f]" started-at="2026-02-18T11:02:14 IST" name="setup" finished-at="2026-02-18T11:02:21 IST" duration-ms="7028" status="PASS">
          <params>
            <param index="0">
              <value>
                <![CDATA[linux]]>
              </value>
            </param>
            <param index="1">
              <value>
                <![CDATA[firefox]]>
              </value>
            </param>
          </params>
          <reporter-output>
          </reporter-output>
        </test-method> <!-- setup -->
        <test-method signature="testLogo()[pri:0, instance:com.TestCases.TestHomePageLogo@490caf5f]" started-at="2026-02-18T11:02:21 IST" name="testLogo" finished-at="2026-02-18T11:02:24 IST" duration-ms="3050" status="PASS">
          <reporter-output>
          </reporter-output>
        </test-method> <!-- testLogo -->
        <test-method is-config="true" signature="tearDown()[pri:0, instance:com.TestCases.TestHomePageLogo@490caf5f]" started-at="2026-02-18T11:02:24 IST" name="tearDown" finished-at="2026-02-18T11:02:28 IST" duration-ms="3304" status="PASS">
          <reporter-output>
          </reporter-output>
        </test-method> <!-- tearDown -->
      </class> <!-- com.TestCases.TestHomePageLogo -->
    </test> <!-- fireFoxTest -->
    <test started-at="2026-02-18T11:02:14 IST" name="chromeTest" finished-at="2026-02-18T11:02:42 IST" duration-ms="28066">
      <class name="com.TestCases.TestSearchProduct">
        <test-method is-config="true" signature="setup(java.lang.String,java.lang.String)[pri:0, instance:com.TestCases.TestSearchProduct@42a15bdc]" started-at="2026-02-18T11:02:26 IST" name="setup" finished-at="2026-02-18T11:02:28 IST" duration-ms="2559" status="PASS">
          <params>
            <param index="0">
              <value>
                <![CDATA[linux]]>
              </value>
            </param>
            <param index="1">
              <value>
                <![CDATA[chrome]]>
              </value>
            </param>
          </params>
          <reporter-output>
          </reporter-output>
        </test-method> <!-- setup -->
        <test-method signature="searchProduct()[pri:0, instance:com.TestCases.TestSearchProduct@42a15bdc]" started-at="2026-02-18T11:02:28 IST" name="searchProduct" finished-at="2026-02-18T11:02:42 IST" duration-ms="13897" status="PASS">
          <reporter-output>
          </reporter-output>
        </test-method> <!-- searchProduct -->
        <test-method is-config="true" signature="tearDown()[pri:0, instance:com.TestCases.TestSearchProduct@42a15bdc]" started-at="2026-02-18T11:02:42 IST" name="tearDown" finished-at="2026-02-18T11:02:42 IST" duration-ms="176" status="PASS">
          <reporter-output>
          </reporter-output>
        </test-method> <!-- tearDown -->
      </class> <!-- com.TestCases.TestSearchProduct -->
      <class name="com.TestCases.TestHomePageLogo">
        <test-method is-config="true" signature="setup(java.lang.String,java.lang.String)[pri:0, instance:com.TestCases.TestHomePageLogo@6b58b9e9]" started-at="2026-02-18T11:02:14 IST" name="setup" finished-at="2026-02-18T11:02:18 IST" duration-ms="3257" status="PASS">
          <params>
            <param index="0">
              <value>
                <![CDATA[linux]]>
              </value>
            </param>
            <param index="1">
              <value>
                <![CDATA[chrome]]>
              </value>
            </param>
          </params>
          <reporter-output>
          </reporter-output>
        </test-method> <!-- setup -->
        <test-method signature="testLogo()[pri:0, instance:com.TestCases.TestHomePageLogo@6b58b9e9]" started-at="2026-02-18T11:02:18 IST" name="testLogo" finished-at="2026-02-18T11:02:26 IST" duration-ms="7818" status="PASS">
          <reporter-output>
          </reporter-output>
        </test-method> <!-- testLogo -->
        <test-method is-config="true" signature="tearDown()[pri:0, instance:com.TestCases.TestHomePageLogo@6b58b9e9]" started-at="2026-02-18T11:02:26 IST" name="tearDown" finished-at="2026-02-18T11:02:26 IST" duration-ms="250" status="PASS">
          <reporter-output>
          </reporter-output>
        </test-method> <!-- tearDown -->
      </class> <!-- com.TestCases.TestHomePageLogo -->
    </test> <!-- chromeTest -->
    <test started-at="2026-02-18T11:02:14 IST" name="edgeTest" finished-at="2026-02-18T11:02:46 IST" duration-ms="31710">
      <class name="com.TestCases.TestSearchProduct">
        <test-method is-config="true" signature="setup(java.lang.String,java.lang.String)[pri:0, instance:com.TestCases.TestSearchProduct@1205bd62]" started-at="2026-02-18T11:02:29 IST" name="setup" finished-at="2026-02-18T11:02:32 IST" duration-ms="2666" status="PASS">
          <params>
            <param index="0">
              <value>
                <![CDATA[linux]]>
              </value>
            </param>
            <param index="1">
              <value>
                <![CDATA[edge]]>
              </value>
            </param>
          </params>
          <reporter-output>
          </reporter-output>
        </test-method> <!-- setup -->
        <test-method signature="searchProduct()[pri:0, instance:com.TestCases.TestSearchProduct@1205bd62]" started-at="2026-02-18T11:02:32 IST" name="searchProduct" finished-at="2026-02-18T11:02:45 IST" duration-ms="13068" status="PASS">
          <reporter-output>
          </reporter-output>
        </test-method> <!-- searchProduct -->
        <test-method is-config="true" signature="tearDown()[pri:0, instance:com.TestCases.TestSearchProduct@1205bd62]" started-at="2026-02-18T11:02:45 IST" name="tearDown" finished-at="2026-02-18T11:02:46 IST" duration-ms="1450" status="PASS">
          <reporter-output>
          </reporter-output>
        </test-method> <!-- tearDown -->
      </class> <!-- com.TestCases.TestSearchProduct -->
      <class name="com.TestCases.TestHomePageLogo">
        <test-method is-config="true" signature="setup(java.lang.String,java.lang.String)[pri:0, instance:com.TestCases.TestHomePageLogo@67b9b51a]" started-at="2026-02-18T11:02:14 IST" name="setup" finished-at="2026-02-18T11:02:18 IST" duration-ms="3417" status="PASS">
          <params>
            <param index="0">
              <value>
                <![CDATA[linux]]>
              </value>
            </param>
            <param index="1">
              <value>
                <![CDATA[edge]]>
              </value>
            </param>
          </params>
          <reporter-output>
          </reporter-output>
        </test-method> <!-- setup -->
        <test-method signature="testLogo()[pri:0, instance:com.TestCases.TestHomePageLogo@67b9b51a]" started-at="2026-02-18T11:02:18 IST" name="testLogo" finished-at="2026-02-18T11:02:28 IST" duration-ms="9825" status="PASS">
          <reporter-output>
          </reporter-output>
        </test-method> <!-- testLogo -->
        <test-method is-config="true" signature="tearDown()[pri:0, instance:com.TestCases.TestHomePageLogo@67b9b51a]" started-at="2026-02-18T11:02:28 IST" name="tearDown" finished-at="2026-02-18T11:02:29 IST" duration-ms="1195" status="PASS">
          <reporter-output>
          </reporter-output>
        </test-method> <!-- tearDown -->
      </class> <!-- com.TestCases.TestHomePageLogo -->
    </test> <!-- edgeTest -->
  </suite> <!-- Suite -->
</testng-results>
