<?xml version="1.0" encoding="UTF-8"?>
<testng-results ignored="0" total="6" passed="6" failed="0" skipped="0">
  <reporter-output>
  </reporter-output>
  <suite started-at="2026-02-19T01:21:29 IST" name="Suite" finished-at="2026-02-19T01:22:04 IST" duration-ms="35455">
    <groups>
    </groups>
    <test started-at="2026-02-19T01:21:29 IST" name="chromeTest" finished-at="2026-02-19T01:21:54 IST" duration-ms="25354">
      <class name="com.TestCases.TestSearchProduct">
        <test-method is-config="true" signature="setup(java.lang.String,java.lang.String)[pri:0, instance:com.TestCases.TestSearchProduct@79c97cb]" started-at="2026-02-19T01:21:40 IST" name="setup" finished-at="2026-02-19T01:21:44 IST" duration-ms="4407" status="PASS">
          <params>
            <param index="0">
              <value>
                <![CDATA[Windows-11]]>
              </value>
            </param>
            <param index="1">
              <value>
                <![CDATA[chrome]]>
              </value>
            </param>
          </params>
          <reporter-output>
          </reporter-output>
        </test-method> <!-- setup -->
        <test-method signature="searchProduct()[pri:0, instance:com.TestCases.TestSearchProduct@79c97cb]" started-at="2026-02-19T01:21:44 IST" name="searchProduct" finished-at="2026-02-19T01:21:53 IST" duration-ms="9368" status="PASS">
          <reporter-output>
          </reporter-output>
        </test-method> <!-- searchProduct -->
        <test-method is-config="true" signature="tearDown()[pri:0, instance:com.TestCases.TestSearchProduct@79c97cb]" started-at="2026-02-19T01:21:53 IST" name="tearDown" finished-at="2026-02-19T01:21:54 IST" duration-ms="643" status="PASS">
          <reporter-output>
          </reporter-output>
        </test-method> <!-- tearDown -->
      </class> <!-- com.TestCases.TestSearchProduct -->
      <class name="com.TestCases.TestHomePageLogo">
        <test-method is-config="true" signature="setup(java.lang.String,java.lang.String)[pri:0, instance:com.TestCases.TestHomePageLogo@26df6e3a]" started-at="2026-02-19T01:21:29 IST" name="setup" finished-at="2026-02-19T01:21:34 IST" duration-ms="4945" status="PASS">
          <params>
            <param index="0">
              <value>
                <![CDATA[Windows-11]]>
              </value>
            </param>
            <param index="1">
              <value>
                <![CDATA[chrome]]>
              </value>
            </param>
          </params>
          <reporter-output>
          </reporter-output>
        </test-method> <!-- setup -->
        <test-method signature="testLogo()[pri:0, instance:com.TestCases.TestHomePageLogo@26df6e3a]" started-at="2026-02-19T01:21:34 IST" name="testLogo" finished-at="2026-02-19T01:21:39 IST" duration-ms="5387" status="PASS">
          <reporter-output>
          </reporter-output>
        </test-method> <!-- testLogo -->
        <test-method is-config="true" signature="tearDown()[pri:0, instance:com.TestCases.TestHomePageLogo@26df6e3a]" started-at="2026-02-19T01:21:39 IST" name="tearDown" finished-at="2026-02-19T01:21:40 IST" duration-ms="546" status="PASS">
          <reporter-output>
          </reporter-output>
        </test-method> <!-- tearDown -->
      </class> <!-- com.TestCases.TestHomePageLogo -->
    </test> <!-- chromeTest -->
    <test started-at="2026-02-19T01:21:29 IST" name="edgeTest" finished-at="2026-02-19T01:21:55 IST" duration-ms="25827">
      <class name="com.TestCases.TestSearchProduct">
        <test-method is-config="true" signature="setup(java.lang.String,java.lang.String)[pri:0, instance:com.TestCases.TestSearchProduct@616ac46a]" started-at="2026-02-19T01:21:39 IST" name="setup" finished-at="2026-02-19T01:21:43 IST" duration-ms="4041" status="PASS">
          <params>
            <param index="0">
              <value>
                <![CDATA[Windows-11]]>
              </value>
            </param>
            <param index="1">
              <value>
                <![CDATA[edge]]>
              </value>
            </param>
          </params>
          <reporter-output>
          </reporter-output>
        </test-method> <!-- setup -->
        <test-method signature="searchProduct()[pri:0, instance:com.TestCases.TestSearchProduct@616ac46a]" started-at="2026-02-19T01:21:43 IST" name="searchProduct" finished-at="2026-02-19T01:21:54 IST" duration-ms="10568" status="PASS">
          <reporter-output>
          </reporter-output>
        </test-method> <!-- searchProduct -->
        <test-method is-config="true" signature="tearDown()[pri:0, instance:com.TestCases.TestSearchProduct@616ac46a]" started-at="2026-02-19T01:21:54 IST" name="tearDown" finished-at="2026-02-19T01:21:55 IST" duration-ms="830" status="PASS">
          <reporter-output>
          </reporter-output>
        </test-method> <!-- tearDown -->
      </class> <!-- com.TestCases.TestSearchProduct -->
      <class name="com.TestCases.TestHomePageLogo">
        <test-method is-config="true" signature="setup(java.lang.String,java.lang.String)[pri:0, instance:com.TestCases.TestHomePageLogo@57576994]" started-at="2026-02-19T01:21:29 IST" name="setup" finished-at="2026-02-19T01:21:33 IST" duration-ms="4694" status="PASS">
          <params>
            <param index="0">
              <value>
                <![CDATA[Windows-11]]>
              </value>
            </param>
            <param index="1">
              <value>
                <![CDATA[edge]]>
              </value>
            </param>
          </params>
          <reporter-output>
          </reporter-output>
        </test-method> <!-- setup -->
        <test-method signature="testLogo()[pri:0, instance:com.TestCases.TestHomePageLogo@57576994]" started-at="2026-02-19T01:21:34 IST" name="testLogo" finished-at="2026-02-19T01:21:38 IST" duration-ms="4830" status="PASS">
          <reporter-output>
          </reporter-output>
        </test-method> <!-- testLogo -->
        <test-method is-config="true" signature="tearDown()[pri:0, instance:com.TestCases.TestHomePageLogo@57576994]" started-at="2026-02-19T01:21:38 IST" name="tearDown" finished-at="2026-02-19T01:21:39 IST" duration-ms="733" status="PASS">
          <reporter-output>
          </reporter-output>
        </test-method> <!-- tearDown -->
      </class> <!-- com.TestCases.TestHomePageLogo -->
    </test> <!-- edgeTest -->
    <test started-at="2026-02-19T01:21:29 IST" name="fireFoxTest" finished-at="2026-02-19T01:22:04 IST" duration-ms="35455">
      <class name="com.TestCases.TestSearchProduct">
        <test-method is-config="true" signature="setup(java.lang.String,java.lang.String)[pri:0, instance:com.TestCases.TestSearchProduct@7ef27d7f]" started-at="2026-02-19T01:21:52 IST" name="setup" finished-at="2026-02-19T01:21:59 IST" duration-ms="6479" status="PASS">
          <params>
            <param index="0">
              <value>
                <![CDATA[Windows-11]]>
              </value>
            </param>
            <param index="1">
              <value>
                <![CDATA[firefox]]>
              </value>
            </param>
          </params>
          <reporter-output>
          </reporter-output>
        </test-method> <!-- setup -->
        <test-method signature="searchProduct()[pri:0, instance:com.TestCases.TestSearchProduct@7ef27d7f]" started-at="2026-02-19T01:21:59 IST" name="searchProduct" finished-at="2026-02-19T01:22:03 IST" duration-ms="3995" status="PASS">
          <reporter-output>
          </reporter-output>
        </test-method> <!-- searchProduct -->
        <test-method is-config="true" signature="tearDown()[pri:0, instance:com.TestCases.TestSearchProduct@7ef27d7f]" started-at="2026-02-19T01:22:03 IST" name="tearDown" finished-at="2026-02-19T01:22:04 IST" duration-ms="1445" status="PASS">
          <reporter-output>
          </reporter-output>
        </test-method> <!-- tearDown -->
      </class> <!-- com.TestCases.TestSearchProduct -->
      <class name="com.TestCases.TestHomePageLogo">
        <test-method is-config="true" signature="setup(java.lang.String,java.lang.String)[pri:0, instance:com.TestCases.TestHomePageLogo@1205bd62]" started-at="2026-02-19T01:21:29 IST" name="setup" finished-at="2026-02-19T01:21:42 IST" duration-ms="13571" status="PASS">
          <params>
            <param index="0">
              <value>
                <![CDATA[Windows-11]]>
              </value>
            </param>
            <param index="1">
              <value>
                <![CDATA[firefox]]>
              </value>
            </param>
          </params>
          <reporter-output>
          </reporter-output>
        </test-method> <!-- setup -->
        <test-method signature="testLogo()[pri:0, instance:com.TestCases.TestHomePageLogo@1205bd62]" started-at="2026-02-19T01:21:42 IST" name="testLogo" finished-at="2026-02-19T01:21:46 IST" duration-ms="3261" status="PASS">
          <reporter-output>
          </reporter-output>
        </test-method> <!-- testLogo -->
        <test-method is-config="true" signature="tearDown()[pri:0, instance:com.TestCases.TestHomePageLogo@1205bd62]" started-at="2026-02-19T01:21:46 IST" name="tearDown" finished-at="2026-02-19T01:21:52 IST" duration-ms="6646" status="PASS">
          <reporter-output>
          </reporter-output>
        </test-method> <!-- tearDown -->
      </class> <!-- com.TestCases.TestHomePageLogo -->
    </test> <!-- fireFoxTest -->
  </suite> <!-- Suite -->
</testng-results>
