<?xml version="1.0" encoding="UTF-8"?>
<testng-results ignored="0" total="6" passed="6" failed="0" skipped="0">
  <reporter-output>
  </reporter-output>
  <suite started-at="2026-02-18T10:01:44 IST" name="Suite" finished-at="2026-02-18T10:02:18 IST" duration-ms="34449">
    <groups>
    </groups>
    <test started-at="2026-02-18T10:01:44 IST" name="fireFoxTest" finished-at="2026-02-18T10:02:14 IST" duration-ms="30494">
      <class name="com.TestCases.TestSearchProduct">
        <test-method is-config="true" signature="setup(java.lang.String,java.lang.String)[pri:0, instance:com.TestCases.TestSearchProduct@3f91b517]" started-at="2026-02-18T10:01:59 IST" name="setup" finished-at="2026-02-18T10:02:05 IST" duration-ms="5888" status="PASS">
          <params>
            <param index="0">
              <value>
                <![CDATA[linux]]>
              </value>
            </param>
            <param index="1">
              <value>
                <![CDATA[firefox]]>
              </value>
            </param>
          </params>
          <reporter-output>
          </reporter-output>
        </test-method> <!-- setup -->
        <test-method signature="searchProduct()[pri:0, instance:com.TestCases.TestSearchProduct@3f91b517]" started-at="2026-02-18T10:02:05 IST" name="searchProduct" finished-at="2026-02-18T10:02:12 IST" duration-ms="6649" status="PASS">
          <reporter-output>
          </reporter-output>
        </test-method> <!-- searchProduct -->
        <test-method is-config="true" signature="tearDown()[pri:0, instance:com.TestCases.TestSearchProduct@3f91b517]" started-at="2026-02-18T10:02:12 IST" name="tearDown" finished-at="2026-02-18T10:02:14 IST" duration-ms="2671" status="PASS">
          <reporter-output>
          </reporter-output>
        </test-method> <!-- tearDown -->
      </class> <!-- com.TestCases.TestSearchProduct -->
      <class name="com.TestCases.TestHomePageLogo">
        <test-method is-config="true" signature="setup(java.lang.String,java.lang.String)[pri:0, instance:com.TestCases.TestHomePageLogo@5be46f9d]" started-at="2026-02-18T10:01:44 IST" name="setup" finished-at="2026-02-18T10:01:53 IST" duration-ms="9266" status="PASS">
          <params>
            <param index="0">
              <value>
                <![CDATA[linux]]>
              </value>
            </param>
            <param index="1">
              <value>
                <![CDATA[firefox]]>
              </value>
            </param>
          </params>
          <reporter-output>
          </reporter-output>
        </test-method> <!-- setup -->
        <test-method signature="testLogo()[pri:0, instance:com.TestCases.TestHomePageLogo@5be46f9d]" started-at="2026-02-18T10:01:53 IST" name="testLogo" finished-at="2026-02-18T10:01:56 IST" duration-ms="2510" status="PASS">
          <reporter-output>
          </reporter-output>
        </test-method> <!-- testLogo -->
        <test-method is-config="true" signature="tearDown()[pri:0, instance:com.TestCases.TestHomePageLogo@5be46f9d]" started-at="2026-02-18T10:01:56 IST" name="tearDown" finished-at="2026-02-18T10:01:59 IST" duration-ms="3425" status="PASS">
          <reporter-output>
          </reporter-output>
        </test-method> <!-- tearDown -->
      </class> <!-- com.TestCases.TestHomePageLogo -->
    </test> <!-- fireFoxTest -->
    <test started-at="2026-02-18T10:01:44 IST" name="chromeTest" finished-at="2026-02-18T10:02:15 IST" duration-ms="31666">
      <class name="com.TestCases.TestSearchProduct">
        <test-method is-config="true" signature="setup(java.lang.String,java.lang.String)[pri:0, instance:com.TestCases.TestSearchProduct@4b213651]" started-at="2026-02-18T10:01:59 IST" name="setup" finished-at="2026-02-18T10:02:01 IST" duration-ms="2018" status="PASS">
          <params>
            <param index="0">
              <value>
                <![CDATA[linux]]>
              </value>
            </param>
            <param index="1">
              <value>
                <![CDATA[chrome]]>
              </value>
            </param>
          </params>
          <reporter-output>
          </reporter-output>
        </test-method> <!-- setup -->
        <test-method signature="searchProduct()[pri:0, instance:com.TestCases.TestSearchProduct@4b213651]" started-at="2026-02-18T10:02:01 IST" name="searchProduct" finished-at="2026-02-18T10:02:15 IST" duration-ms="14572" status="PASS">
          <reporter-output>
          </reporter-output>
        </test-method> <!-- searchProduct -->
        <test-method is-config="true" signature="tearDown()[pri:0, instance:com.TestCases.TestSearchProduct@4b213651]" started-at="2026-02-18T10:02:15 IST" name="tearDown" finished-at="2026-02-18T10:02:15 IST" duration-ms="176" status="PASS">
          <reporter-output>
          </reporter-output>
        </test-method> <!-- tearDown -->
      </class> <!-- com.TestCases.TestSearchProduct -->
      <class name="com.TestCases.TestHomePageLogo">
        <test-method is-config="true" signature="setup(java.lang.String,java.lang.String)[pri:0, instance:com.TestCases.TestHomePageLogo@73302995]" started-at="2026-02-18T10:01:44 IST" name="setup" finished-at="2026-02-18T10:01:50 IST" duration-ms="5894" status="PASS">
          <params>
            <param index="0">
              <value>
                <![CDATA[linux]]>
              </value>
            </param>
            <param index="1">
              <value>
                <![CDATA[chrome]]>
              </value>
            </param>
          </params>
          <reporter-output>
          </reporter-output>
        </test-method> <!-- setup -->
        <test-method signature="testLogo()[pri:0, instance:com.TestCases.TestHomePageLogo@73302995]" started-at="2026-02-18T10:01:50 IST" name="testLogo" finished-at="2026-02-18T10:01:58 IST" duration-ms="8662" status="PASS">
          <reporter-output>
          </reporter-output>
        </test-method> <!-- testLogo -->
        <test-method is-config="true" signature="tearDown()[pri:0, instance:com.TestCases.TestHomePageLogo@73302995]" started-at="2026-02-18T10:01:58 IST" name="tearDown" finished-at="2026-02-18T10:01:59 IST" duration-ms="230" status="PASS">
          <reporter-output>
          </reporter-output>
        </test-method> <!-- tearDown -->
      </class> <!-- com.TestCases.TestHomePageLogo -->
    </test> <!-- chromeTest -->
    <test started-at="2026-02-18T10:01:44 IST" name="edgeTest" finished-at="2026-02-18T10:02:18 IST" duration-ms="34449">
      <class name="com.TestCases.TestSearchProduct">
        <test-method is-config="true" signature="setup(java.lang.String,java.lang.String)[pri:0, instance:com.TestCases.TestSearchProduct@7164ca4c]" started-at="2026-02-18T10:02:01 IST" name="setup" finished-at="2026-02-18T10:02:03 IST" duration-ms="2521" status="PASS">
          <params>
            <param index="0">
              <value>
                <![CDATA[linux]]>
              </value>
            </param>
            <param index="1">
              <value>
                <![CDATA[edge]]>
              </value>
            </param>
          </params>
          <reporter-output>
          </reporter-output>
        </test-method> <!-- setup -->
        <test-method signature="searchProduct()[pri:0, instance:com.TestCases.TestSearchProduct@7164ca4c]" started-at="2026-02-18T10:02:03 IST" name="searchProduct" finished-at="2026-02-18T10:02:17 IST" duration-ms="13785" status="PASS">
          <reporter-output>
          </reporter-output>
        </test-method> <!-- searchProduct -->
        <test-method is-config="true" signature="tearDown()[pri:0, instance:com.TestCases.TestSearchProduct@7164ca4c]" started-at="2026-02-18T10:02:17 IST" name="tearDown" finished-at="2026-02-18T10:02:18 IST" duration-ms="1132" status="PASS">
          <reporter-output>
          </reporter-output>
        </test-method> <!-- tearDown -->
      </class> <!-- com.TestCases.TestSearchProduct -->
      <class name="com.TestCases.TestHomePageLogo">
        <test-method is-config="true" signature="setup(java.lang.String,java.lang.String)[pri:0, instance:com.TestCases.TestHomePageLogo@479460a6]" started-at="2026-02-18T10:01:44 IST" name="setup" finished-at="2026-02-18T10:01:51 IST" duration-ms="6639" status="PASS">
          <params>
            <param index="0">
              <value>
                <![CDATA[linux]]>
              </value>
            </param>
            <param index="1">
              <value>
                <![CDATA[edge]]>
              </value>
            </param>
          </params>
          <reporter-output>
          </reporter-output>
        </test-method> <!-- setup -->
        <test-method signature="testLogo()[pri:0, instance:com.TestCases.TestHomePageLogo@479460a6]" started-at="2026-02-18T10:01:51 IST" name="testLogo" finished-at="2026-02-18T10:02:00 IST" duration-ms="9066" status="PASS">
          <reporter-output>
          </reporter-output>
        </test-method> <!-- testLogo -->
        <test-method is-config="true" signature="tearDown()[pri:0, instance:com.TestCases.TestHomePageLogo@479460a6]" started-at="2026-02-18T10:02:00 IST" name="tearDown" finished-at="2026-02-18T10:02:01 IST" duration-ms="1228" status="PASS">
          <reporter-output>
          </reporter-output>
        </test-method> <!-- tearDown -->
      </class> <!-- com.TestCases.TestHomePageLogo -->
    </test> <!-- edgeTest -->
  </suite> <!-- Suite -->
</testng-results>
