<?xml version="1.0" encoding="UTF-8"?>
<testng-results ignored="0" total="6" passed="6" failed="0" skipped="0">
  <reporter-output>
  </reporter-output>
  <suite started-at="2026-02-19T00:31:09 IST" name="Suite" finished-at="2026-02-19T00:31:58 IST" duration-ms="49448">
    <groups>
    </groups>
    <test started-at="2026-02-19T00:31:09 IST" name="chromeTest" finished-at="2026-02-19T00:31:45 IST" duration-ms="36844">
      <class name="com.TestCases.TestSearchProduct">
        <test-method is-config="true" signature="setup(java.lang.String,java.lang.String)[pri:0, instance:com.TestCases.TestSearchProduct@4b213651]" started-at="2026-02-19T00:31:26 IST" name="setup" finished-at="2026-02-19T00:31:32 IST" duration-ms="5959" status="PASS">
          <params>
            <param index="0">
              <value>
                <![CDATA[Windows-11]]>
              </value>
            </param>
            <param index="1">
              <value>
                <![CDATA[chrome]]>
              </value>
            </param>
          </params>
          <reporter-output>
          </reporter-output>
        </test-method> <!-- setup -->
        <test-method signature="searchProduct()[pri:0, instance:com.TestCases.TestSearchProduct@4b213651]" started-at="2026-02-19T00:31:32 IST" name="searchProduct" finished-at="2026-02-19T00:31:45 IST" duration-ms="12636" status="PASS">
          <reporter-output>
          </reporter-output>
        </test-method> <!-- searchProduct -->
        <test-method is-config="true" signature="tearDown()[pri:0, instance:com.TestCases.TestSearchProduct@4b213651]" started-at="2026-02-19T00:31:45 IST" name="tearDown" finished-at="2026-02-19T00:31:45 IST" duration-ms="818" status="PASS">
          <reporter-output>
          </reporter-output>
        </test-method> <!-- tearDown -->
      </class> <!-- com.TestCases.TestSearchProduct -->
      <class name="com.TestCases.TestHomePageLogo">
        <test-method is-config="true" signature="setup(java.lang.String,java.lang.String)[pri:0, instance:com.TestCases.TestHomePageLogo@73302995]" started-at="2026-02-19T00:31:09 IST" name="setup" finished-at="2026-02-19T00:31:14 IST" duration-ms="5250" status="PASS">
          <params>
            <param index="0">
              <value>
                <![CDATA[Windows-11]]>
              </value>
            </param>
            <param index="1">
              <value>
                <![CDATA[chrome]]>
              </value>
            </param>
          </params>
          <reporter-output>
          </reporter-output>
        </test-method> <!-- setup -->
        <test-method signature="testLogo()[pri:0, instance:com.TestCases.TestHomePageLogo@73302995]" started-at="2026-02-19T00:31:14 IST" name="testLogo" finished-at="2026-02-19T00:31:23 IST" duration-ms="9233" status="PASS">
          <reporter-output>
          </reporter-output>
        </test-method> <!-- testLogo -->
        <test-method is-config="true" signature="tearDown()[pri:0, instance:com.TestCases.TestHomePageLogo@73302995]" started-at="2026-02-19T00:31:23 IST" name="tearDown" finished-at="2026-02-19T00:31:26 IST" duration-ms="2666" status="PASS">
          <reporter-output>
          </reporter-output>
        </test-method> <!-- tearDown -->
      </class> <!-- com.TestCases.TestHomePageLogo -->
    </test> <!-- chromeTest -->
    <test started-at="2026-02-19T00:31:09 IST" name="edgeTest" finished-at="2026-02-19T00:31:47 IST" duration-ms="38420">
      <class name="com.TestCases.TestSearchProduct">
        <test-method is-config="true" signature="setup(java.lang.String,java.lang.String)[pri:0, instance:com.TestCases.TestSearchProduct@7164ca4c]" started-at="2026-02-19T00:31:25 IST" name="setup" finished-at="2026-02-19T00:31:31 IST" duration-ms="6425" status="PASS">
          <params>
            <param index="0">
              <value>
                <![CDATA[Windows-11]]>
              </value>
            </param>
            <param index="1">
              <value>
                <![CDATA[edge]]>
              </value>
            </param>
          </params>
          <reporter-output>
          </reporter-output>
        </test-method> <!-- setup -->
        <test-method signature="searchProduct()[pri:0, instance:com.TestCases.TestSearchProduct@7164ca4c]" started-at="2026-02-19T00:31:31 IST" name="searchProduct" finished-at="2026-02-19T00:31:46 IST" duration-ms="14807" status="PASS">
          <reporter-output>
          </reporter-output>
        </test-method> <!-- searchProduct -->
        <test-method is-config="true" signature="tearDown()[pri:0, instance:com.TestCases.TestSearchProduct@7164ca4c]" started-at="2026-02-19T00:31:46 IST" name="tearDown" finished-at="2026-02-19T00:31:47 IST" duration-ms="1134" status="PASS">
          <reporter-output>
          </reporter-output>
        </test-method> <!-- tearDown -->
      </class> <!-- com.TestCases.TestSearchProduct -->
      <class name="com.TestCases.TestHomePageLogo">
        <test-method is-config="true" signature="setup(java.lang.String,java.lang.String)[pri:0, instance:com.TestCases.TestHomePageLogo@479460a6]" started-at="2026-02-19T00:31:09 IST" name="setup" finished-at="2026-02-19T00:31:16 IST" duration-ms="6899" status="PASS">
          <params>
            <param index="0">
              <value>
                <![CDATA[Windows-11]]>
              </value>
            </param>
            <param index="1">
              <value>
                <![CDATA[edge]]>
              </value>
            </param>
          </params>
          <reporter-output>
          </reporter-output>
        </test-method> <!-- setup -->
        <test-method signature="testLogo()[pri:0, instance:com.TestCases.TestHomePageLogo@479460a6]" started-at="2026-02-19T00:31:16 IST" name="testLogo" finished-at="2026-02-19T00:31:22 IST" duration-ms="6607" status="PASS">
          <reporter-output>
          </reporter-output>
        </test-method> <!-- testLogo -->
        <test-method is-config="true" signature="tearDown()[pri:0, instance:com.TestCases.TestHomePageLogo@479460a6]" started-at="2026-02-19T00:31:22 IST" name="tearDown" finished-at="2026-02-19T00:31:25 IST" duration-ms="2329" status="PASS">
          <reporter-output>
          </reporter-output>
        </test-method> <!-- tearDown -->
      </class> <!-- com.TestCases.TestHomePageLogo -->
    </test> <!-- edgeTest -->
    <test started-at="2026-02-19T00:31:09 IST" name="fireFoxTest" finished-at="2026-02-19T00:31:58 IST" duration-ms="49448">
      <class name="com.TestCases.TestSearchProduct">
        <test-method is-config="true" signature="setup(java.lang.String,java.lang.String)[pri:0, instance:com.TestCases.TestSearchProduct@3f91b517]" started-at="2026-02-19T00:31:43 IST" name="setup" finished-at="2026-02-19T00:31:52 IST" duration-ms="8873" status="PASS">
          <params>
            <param index="0">
              <value>
                <![CDATA[Windows-11]]>
              </value>
            </param>
            <param index="1">
              <value>
                <![CDATA[firefox]]>
              </value>
            </param>
          </params>
          <reporter-output>
          </reporter-output>
        </test-method> <!-- setup -->
        <test-method signature="searchProduct()[pri:0, instance:com.TestCases.TestSearchProduct@3f91b517]" started-at="2026-02-19T00:31:52 IST" name="searchProduct" finished-at="2026-02-19T00:31:55 IST" duration-ms="3681" status="PASS">
          <reporter-output>
          </reporter-output>
        </test-method> <!-- searchProduct -->
        <test-method is-config="true" signature="tearDown()[pri:0, instance:com.TestCases.TestSearchProduct@3f91b517]" started-at="2026-02-19T00:31:55 IST" name="tearDown" finished-at="2026-02-19T00:31:58 IST" duration-ms="2542" status="PASS">
          <reporter-output>
          </reporter-output>
        </test-method> <!-- tearDown -->
      </class> <!-- com.TestCases.TestSearchProduct -->
      <class name="com.TestCases.TestHomePageLogo">
        <test-method is-config="true" signature="setup(java.lang.String,java.lang.String)[pri:0, instance:com.TestCases.TestHomePageLogo@5be46f9d]" started-at="2026-02-19T00:31:09 IST" name="setup" finished-at="2026-02-19T00:31:27 IST" duration-ms="18198" status="PASS">
          <params>
            <param index="0">
              <value>
                <![CDATA[Windows-11]]>
              </value>
            </param>
            <param index="1">
              <value>
                <![CDATA[firefox]]>
              </value>
            </param>
          </params>
          <reporter-output>
          </reporter-output>
        </test-method> <!-- setup -->
        <test-method signature="testLogo()[pri:0, instance:com.TestCases.TestHomePageLogo@5be46f9d]" started-at="2026-02-19T00:31:27 IST" name="testLogo" finished-at="2026-02-19T00:31:32 IST" duration-ms="4703" status="PASS">
          <reporter-output>
          </reporter-output>
        </test-method> <!-- testLogo -->
        <test-method is-config="true" signature="tearDown()[pri:0, instance:com.TestCases.TestHomePageLogo@5be46f9d]" started-at="2026-02-19T00:31:32 IST" name="tearDown" finished-at="2026-02-19T00:31:43 IST" duration-ms="11238" status="PASS">
          <reporter-output>
          </reporter-output>
        </test-method> <!-- tearDown -->
      </class> <!-- com.TestCases.TestHomePageLogo -->
    </test> <!-- fireFoxTest -->
  </suite> <!-- Suite -->
</testng-results>
