<?xml version="1.0" encoding="UTF-8"?>
<!-- Generated by org.testng.reporters.JUnitReportReporter -->
<testsuite hostname="DESKTOP-1MD18DL" failures="0" tests="3" name="com.TestCases.TestSearchProduct" time="31.124" errors="0" timestamp="2026-02-19T00:31:58 IST" skipped="0">
  <testcase classname="com.TestCases.TestSearchProduct" name="searchProduct" time="14.807"/>
  <testcase classname="com.TestCases.TestSearchProduct" name="searchProduct" time="12.636"/>
  <testcase classname="com.TestCases.TestSearchProduct" name="searchProduct" time="3.681"/>
</testsuite> <!-- com.TestCases.TestSearchProduct -->
