<?xml version="1.0" encoding="UTF-8"?>
<!-- Generated by org.testng.reporters.JUnitReportReporter -->
<testsuite hostname="DESKTOP-1MD18DL" failures="0" tests="3" name="com.TestCases.TestSearchProduct" time="35.006" errors="0" timestamp="2026-02-18T10:02:18 IST" skipped="0">
  <testcase classname="com.TestCases.TestSearchProduct" name="searchProduct" time="6.649"/>
  <testcase classname="com.TestCases.TestSearchProduct" name="searchProduct" time="13.785"/>
  <testcase classname="com.TestCases.TestSearchProduct" name="searchProduct" time="14.572"/>
</testsuite> <!-- com.TestCases.TestSearchProduct -->
