<?xml version="1.0" encoding="UTF-8"?>
<!-- Generated by org.testng.reporters.JUnitReportReporter -->
<testsuite hostname="DESKTOP-1MD18DL" failures="0" tests="3" name="com.TestCases.TestHomePageLogo" time="20.543" errors="0" timestamp="2026-02-19T00:31:58 IST" skipped="0">
  <testcase classname="com.TestCases.TestHomePageLogo" name="testLogo" time="9.233"/>
  <testcase classname="com.TestCases.TestHomePageLogo" name="testLogo" time="6.607"/>
  <testcase classname="com.TestCases.TestHomePageLogo" name="testLogo" time="4.703"/>
</testsuite> <!-- com.TestCases.TestHomePageLogo -->
