<?xml version="1.0" encoding="UTF-8"?>
<!-- Generated by org.testng.reporters.JUnitReportReporter -->
<testsuite hostname="DESKTOP-1MD18DL" failures="0" tests="3" name="com.TestCases.TestHomePageLogo" time="13.478" errors="0" timestamp="2026-02-19T01:22:04 IST" skipped="0">
  <testcase classname="com.TestCases.TestHomePageLogo" name="testLogo" time="4.830"/>
  <testcase classname="com.TestCases.TestHomePageLogo" name="testLogo" time="5.387"/>
  <testcase classname="com.TestCases.TestHomePageLogo" name="testLogo" time="3.261"/>
</testsuite> <!-- com.TestCases.TestHomePageLogo -->
