<?xml version="1.0" encoding="UTF-8"?>
<!-- Generated by org.testng.reporters.JUnitReportReporter -->
<testsuite hostname="DESKTOP-1MD18DL" failures="0" tests="3" name="com.TestCases.TestHomePageLogo" time="20.693" errors="0" timestamp="2026-02-18T11:02:46 IST" skipped="0">
  <testcase classname="com.TestCases.TestHomePageLogo" name="testLogo" time="3.050"/>
  <testcase classname="com.TestCases.TestHomePageLogo" name="testLogo" time="7.818"/>
  <testcase classname="com.TestCases.TestHomePageLogo" name="testLogo" time="9.825"/>
</testsuite> <!-- com.TestCases.TestHomePageLogo -->
