<?xml version="1.0" encoding="UTF-8"?>
<!-- Generated by org.testng.reporters.JUnitReportReporter -->
<testsuite hostname="DESKTOP-1MD18DL" failures="0" tests="3" name="com.TestCases.TestSearchProduct" time="36.208" errors="0" timestamp="2026-02-19T00:15:37 IST" skipped="0">
  <testcase classname="com.TestCases.TestSearchProduct" name="searchProduct" time="14.603"/>
  <testcase classname="com.TestCases.TestSearchProduct" name="searchProduct" time="14.762"/>
  <testcase classname="com.TestCases.TestSearchProduct" name="searchProduct" time="6.843"/>
</testsuite> <!-- com.TestCases.TestSearchProduct -->
